<?xml version="1.0" encoding="UTF-8"?>
<!-- Generated by org.testng.reporters.JUnitXMLReporter -->
<testsuite ignored="26" hostname="DESKTOP-14S2SR6" failures="0" tests="24" name="Test" time="53.015" errors="0" timestamp="2024-07-11T20:50:21 IST">
  <testcase classname="com.nocommercedemo.Testcases.DeskTopPageTest" name="@BeforeMethod setup" time="9.45">
    <failure type="java.lang.NullPointerException">
      <![CDATA[java.lang.NullPointerException
at java.base/java.util.Objects.requireNonNull(Objects.java:209)
at java.base/java.util.ImmutableCollections$Map1.<init>(ImmutableCollections.java:1105)
at java.base/java.util.Map.of(Map.java:1353)
at org.openqa.selenium.remote.DriverCommand.GET(DriverCommand.java:180)
at org.openqa.selenium.remote.RemoteWebDriver.get(RemoteWebDriver.java:300)
at com.nocommercedemo.Base.Baseclass.launchApp(Baseclass.java:108)
at com.nocommercedemo.Testcases.DeskTopPageTest.setup(DeskTopPageTest.java:23)
at java.base/java.util.ArrayList.forEach(ArrayList.java:1511)
... Removed 31 stack frames]]>
    </failure>
  </testcase> <!-- @BeforeMethod setup -->
  <testcase classname="com.nocommercedemo.Testcases.DeskTopPageTest" name="@AfterMethod tearDown" time="-1.720711177748E9">
    <skipped/>
  </testcase> <!-- @AfterMethod tearDown -->
  <testcase classname="com.nocommercedemo.Testcases.DeskTopPageTest" name="@BeforeMethod setup" time="-1.720711177757E9">
    <skipped/>
  </testcase> <!-- @BeforeMethod setup -->
  <testcase classname="com.nocommercedemo.Testcases.DeskTopPageTest" name="@AfterMethod tearDown" time="-1.720711177785E9">
    <skipped/>
  </testcase> <!-- @AfterMethod tearDown -->
  <testcase classname="com.nocommercedemo.Testcases.HomePageTest" name="@BeforeMethod setup" time="1.898">
    <failure type="java.lang.NullPointerException">
      <![CDATA[java.lang.NullPointerException
at java.base/java.util.Objects.requireNonNull(Objects.java:209)
at java.base/java.util.ImmutableCollections$Map1.<init>(ImmutableCollections.java:1105)
at java.base/java.util.Map.of(Map.java:1353)
at org.openqa.selenium.remote.DriverCommand.GET(DriverCommand.java:180)
at org.openqa.selenium.remote.RemoteWebDriver.get(RemoteWebDriver.java:300)
at com.nocommercedemo.Base.Baseclass.launchApp(Baseclass.java:108)
at com.nocommercedemo.Testcases.HomePageTest.setup(HomePageTest.java:20)
at java.base/java.util.ArrayList.forEach(ArrayList.java:1511)
... Removed 31 stack frames]]>
    </failure>
  </testcase> <!-- @BeforeMethod setup -->
  <testcase classname="com.nocommercedemo.Testcases.HomePageTest" name="@AfterMethod tearDown" time="-1.720711179735E9">
    <skipped/>
  </testcase> <!-- @AfterMethod tearDown -->
  <testcase classname="com.nocommercedemo.Testcases.HomePageTest" name="@BeforeMethod setup" time="-1.720711179753E9">
    <skipped/>
  </testcase> <!-- @BeforeMethod setup -->
  <testcase classname="com.nocommercedemo.Testcases.HomePageTest" name="@AfterMethod tearDown" time="-1.720711179771E9">
    <skipped/>
  </testcase> <!-- @AfterMethod tearDown -->
  <testcase classname="com.nocommercedemo.Testcases.ProductInfoPageTest" name="@BeforeMethod setup" time="1.581">
    <failure type="java.lang.NullPointerException">
      <![CDATA[java.lang.NullPointerException
at java.base/java.util.Objects.requireNonNull(Objects.java:209)
at java.base/java.util.ImmutableCollections$Map1.<init>(ImmutableCollections.java:1105)
at java.base/java.util.Map.of(Map.java:1353)
at org.openqa.selenium.remote.DriverCommand.GET(DriverCommand.java:180)
at org.openqa.selenium.remote.RemoteWebDriver.get(RemoteWebDriver.java:300)
at com.nocommercedemo.Base.Baseclass.launchApp(Baseclass.java:108)
at com.nocommercedemo.Testcases.ProductInfoPageTest.setup(ProductInfoPageTest.java:21)
at java.base/java.util.ArrayList.forEach(ArrayList.java:1511)
... Removed 31 stack frames]]>
    </failure>
  </testcase> <!-- @BeforeMethod setup -->
  <testcase classname="com.nocommercedemo.Testcases.ProductInfoPageTest" name="@AfterMethod tearDown" time="-1.720711181368E9">
    <skipped/>
  </testcase> <!-- @AfterMethod tearDown -->
  <testcase classname="com.nocommercedemo.Testcases.RegisterPageTest" name="@BeforeMethod setup" time="1.598">
    <failure type="java.lang.NullPointerException">
      <![CDATA[java.lang.NullPointerException
at java.base/java.util.Objects.requireNonNull(Objects.java:209)
at java.base/java.util.ImmutableCollections$Map1.<init>(ImmutableCollections.java:1105)
at java.base/java.util.Map.of(Map.java:1353)
at org.openqa.selenium.remote.DriverCommand.GET(DriverCommand.java:180)
at org.openqa.selenium.remote.RemoteWebDriver.get(RemoteWebDriver.java:300)
at com.nocommercedemo.Base.Baseclass.launchApp(Baseclass.java:108)
at com.nocommercedemo.Testcases.RegisterPageTest.setup(RegisterPageTest.java:22)
at java.base/java.util.ArrayList.forEach(ArrayList.java:1511)
... Removed 31 stack frames]]>
    </failure>
  </testcase> <!-- @BeforeMethod setup -->
  <testcase classname="com.nocommercedemo.Testcases.RegisterPageTest" name="@AfterMethod tearDown" time="-1.720711183004E9">
    <skipped/>
  </testcase> <!-- @AfterMethod tearDown -->
  <testcase classname="com.nocommercedemo.Testcases.RegisterPageTest" name="@BeforeMethod setup" time="-1.720711187742E9">
    <skipped/>
  </testcase> <!-- @BeforeMethod setup -->
  <testcase classname="com.nocommercedemo.Testcases.RegisterPageTest" name="@AfterMethod tearDown" time="-1.720711187765E9">
    <skipped/>
  </testcase> <!-- @AfterMethod tearDown -->
  <testcase classname="com.nocommercedemo.Testcases.RegisterPageTest" name="@BeforeMethod setup" time="-1.720711187771E9">
    <skipped/>
  </testcase> <!-- @BeforeMethod setup -->
  <testcase classname="com.nocommercedemo.Testcases.RegisterPageTest" name="@AfterMethod tearDown" time="-1.720711187815E9">
    <skipped/>
  </testcase> <!-- @AfterMethod tearDown -->
  <testcase classname="com.nocommercedemo.Testcases.CheckoutBillingPageTest" name="@BeforeMethod setup" time="3.438">
    <failure type="java.lang.NullPointerException">
      <![CDATA[java.lang.NullPointerException
at java.base/java.util.Objects.requireNonNull(Objects.java:209)
at java.base/java.util.ImmutableCollections$Map1.<init>(ImmutableCollections.java:1105)
at java.base/java.util.Map.of(Map.java:1353)
at org.openqa.selenium.remote.DriverCommand.GET(DriverCommand.java:180)
at org.openqa.selenium.remote.RemoteWebDriver.get(RemoteWebDriver.java:300)
at com.nocommercedemo.Base.Baseclass.launchApp(Baseclass.java:108)
at com.nocommercedemo.Testcases.CheckoutBillingPageTest.setup(CheckoutBillingPageTest.java:26)
at java.base/java.util.ArrayList.forEach(ArrayList.java:1511)
... Removed 31 stack frames]]>
    </failure>
  </testcase> <!-- @BeforeMethod setup -->
  <testcase classname="com.nocommercedemo.Testcases.CheckoutBillingPageTest" name="@AfterMethod tearDown" time="-1.720711191843E9">
    <skipped/>
  </testcase> <!-- @AfterMethod tearDown -->
  <testcase classname="com.nocommercedemo.Testcases.CheckoutBillingPageTest" name="@BeforeMethod setup" time="-1.720711191846E9">
    <skipped/>
  </testcase> <!-- @BeforeMethod setup -->
  <testcase classname="com.nocommercedemo.Testcases.CheckoutBillingPageTest" name="@AfterMethod tearDown" time="-1.720711191852E9">
    <skipped/>
  </testcase> <!-- @AfterMethod tearDown -->
  <testcase classname="com.nocommercedemo.Testcases.CheckoutPaymentmethodPageTest" name="@BeforeMethod setup" time="3.864">
    <failure type="org.openqa.selenium.NoSuchWindowException" message="no such window: target window already closed
from unknown error: web view not found
  (Session info: chrome=126.0.6478.127)
Build info: version: &amp;apos;4.19.1&amp;apos;, revision: &amp;apos;abe0ee07dc&amp;apos;
System info: os.name: &amp;apos;Windows 10&amp;apos;, os.arch: &amp;apos;amd64&amp;apos;, os.version: &amp;apos;10.0&amp;apos;, java.version: &amp;apos;17.0.9&amp;apos;
Driver info: org.openqa.selenium.chrome.ChromeDriver
Command: [b58682be318c354356dffd8108d45028, maximizeCurrentWindow {}]
Capabilities {acceptInsecureCerts: false, browserName: chrome, browserVersion: 126.0.6478.127, chrome: {chromedriverVersion: 126.0.6478.126 (d36ace6122e..., userDataDir: C:\Users\hp\AppData\Local\T...}, fedcm:accounts: true, goog:chromeOptions: {debuggerAddress: localhost:55055}, networkConnectionEnabled: false, pageLoadStrategy: normal, platformName: windows, proxy: Proxy(), setWindowRect: true, strictFileInteractability: false, timeouts: {implicit: 0, pageLoad: 300000, script: 30000}, unhandledPromptBehavior: dismiss and notify, webauthn:extension:credBlob: true, webauthn:extension:largeBlob: true, webauthn:extension:minPinLength: true, webauthn:extension:prf: true, webauthn:virtualAuthenticators: true}
Session ID: b58682be318c354356dffd8108d45028">
      <![CDATA[org.openqa.selenium.NoSuchWindowException: no such window: target window already closed
from unknown error: web view not found
  (Session info: chrome=126.0.6478.127)
Build info: version: '4.19.1', revision: 'abe0ee07dc'
System info: os.name: 'Windows 10', os.arch: 'amd64', os.version: '10.0', java.version: '17.0.9'
Driver info: org.openqa.selenium.chrome.ChromeDriver
Command: [b58682be318c354356dffd8108d45028, maximizeCurrentWindow {}]
Capabilities {acceptInsecureCerts: false, browserName: chrome, browserVersion: 126.0.6478.127, chrome: {chromedriverVersion: 126.0.6478.126 (d36ace6122e..., userDataDir: C:\Users\hp\AppData\Local\T...}, fedcm:accounts: true, goog:chromeOptions: {debuggerAddress: localhost:55055}, networkConnectionEnabled: false, pageLoadStrategy: normal, platformName: windows, proxy: Proxy(), setWindowRect: true, strictFileInteractability: false, timeouts: {implicit: 0, pageLoad: 300000, script: 30000}, unhandledPromptBehavior: dismiss and notify, webauthn:extension:credBlob: true, webauthn:extension:largeBlob: true, webauthn:extension:minPinLength: true, webauthn:extension:prf: true, webauthn:virtualAuthenticators: true}
Session ID: b58682be318c354356dffd8108d45028
at org.openqa.selenium.remote.ErrorCodec.decode(ErrorCodec.java:167)
at org.openqa.selenium.remote.codec.w3c.W3CHttpResponseCodec.decode(W3CHttpResponseCodec.java:138)
at org.openqa.selenium.remote.codec.w3c.W3CHttpResponseCodec.decode(W3CHttpResponseCodec.java:50)
at org.openqa.selenium.remote.HttpCommandExecutor.execute(HttpCommandExecutor.java:190)
at org.openqa.selenium.remote.service.DriverCommandExecutor.invokeExecute(DriverCommandExecutor.java:216)
at org.openqa.selenium.remote.service.DriverCommandExecutor.execute(DriverCommandExecutor.java:174)
at org.openqa.selenium.remote.RemoteWebDriver.execute(RemoteWebDriver.java:518)
at org.openqa.selenium.remote.RemoteWebDriver.execute(RemoteWebDriver.java:591)
at org.openqa.selenium.remote.RemoteWebDriver.execute(RemoteWebDriver.java:595)
at org.openqa.selenium.remote.RemoteWebDriver$RemoteWebDriverOptions$RemoteWindow.maximize(RemoteWebDriver.java:1034)
at com.nocommercedemo.Base.Baseclass.launchApp(Baseclass.java:102)
at com.nocommercedemo.Testcases.CheckoutPaymentmethodPageTest.setup(CheckoutPaymentmethodPageTest.java:29)
at java.base/java.util.ArrayList.forEach(ArrayList.java:1511)
... Removed 36 stack frames]]>
    </failure>
  </testcase> <!-- @BeforeMethod setup -->
  <testcase classname="com.nocommercedemo.Testcases.CheckoutPaymentmethodPageTest" name="@AfterMethod tearDown" time="-1.720711195745E9">
    <skipped/>
  </testcase> <!-- @AfterMethod tearDown -->
  <testcase classname="com.nocommercedemo.Testcases.ComputerPageTest" name="@BeforeMethod setup" time="4.762">
    <failure type="java.lang.NullPointerException">
      <![CDATA[java.lang.NullPointerException
at java.base/java.util.Objects.requireNonNull(Objects.java:209)
at java.base/java.util.ImmutableCollections$Map1.<init>(ImmutableCollections.java:1105)
at java.base/java.util.Map.of(Map.java:1353)
at org.openqa.selenium.remote.DriverCommand.GET(DriverCommand.java:180)
at org.openqa.selenium.remote.RemoteWebDriver.get(RemoteWebDriver.java:300)
at com.nocommercedemo.Base.Baseclass.launchApp(Baseclass.java:108)
at com.nocommercedemo.Testcases.ComputerPageTest.setup(ComputerPageTest.java:21)
at java.base/java.util.ArrayList.forEach(ArrayList.java:1511)
... Removed 31 stack frames]]>
    </failure>
  </testcase> <!-- @BeforeMethod setup -->
  <testcase classname="com.nocommercedemo.Testcases.ComputerPageTest" name="@AfterMethod tearDown" time="-1.720711200515E9">
    <skipped/>
  </testcase> <!-- @AfterMethod tearDown -->
  <testcase classname="com.nocommercedemo.Testcases.ComputerPageTest" name="@BeforeMethod setup" time="-1.720711200517E9">
    <skipped/>
  </testcase> <!-- @BeforeMethod setup -->
  <testcase classname="com.nocommercedemo.Testcases.ComputerPageTest" name="@AfterMethod tearDown" time="-1.720711200519E9">
    <skipped/>
  </testcase> <!-- @AfterMethod tearDown -->
  <testcase classname="com.nocommercedemo.Testcases.CheckoutShippingMethodPageTest" name="@BeforeMethod setup" time="3.203">
    <failure type="java.lang.NullPointerException">
      <![CDATA[java.lang.NullPointerException
at java.base/java.util.Objects.requireNonNull(Objects.java:209)
at java.base/java.util.ImmutableCollections$Map1.<init>(ImmutableCollections.java:1105)
at java.base/java.util.Map.of(Map.java:1353)
at org.openqa.selenium.remote.DriverCommand.GET(DriverCommand.java:180)
at org.openqa.selenium.remote.RemoteWebDriver.get(RemoteWebDriver.java:300)
at com.nocommercedemo.Base.Baseclass.launchApp(Baseclass.java:108)
at com.nocommercedemo.Testcases.CheckoutShippingMethodPageTest.setup(CheckoutShippingMethodPageTest.java:28)
at java.base/java.util.ArrayList.forEach(ArrayList.java:1511)
... Removed 31 stack frames]]>
    </failure>
  </testcase> <!-- @BeforeMethod setup -->
  <testcase classname="com.nocommercedemo.Testcases.CheckoutShippingMethodPageTest" name="@AfterMethod tearDown" time="-1.720711205347E9">
    <skipped/>
  </testcase> <!-- @AfterMethod tearDown -->
  <testcase classname="com.nocommercedemo.Testcases.WishlistPageTest" name="@BeforeMethod setup" time="2.049">
    <failure type="java.lang.NullPointerException">
      <![CDATA[java.lang.NullPointerException
at java.base/java.util.Objects.requireNonNull(Objects.java:209)
at java.base/java.util.ImmutableCollections$Map1.<init>(ImmutableCollections.java:1105)
at java.base/java.util.Map.of(Map.java:1353)
at org.openqa.selenium.remote.DriverCommand.GET(DriverCommand.java:180)
at org.openqa.selenium.remote.RemoteWebDriver.get(RemoteWebDriver.java:300)
at com.nocommercedemo.Base.Baseclass.launchApp(Baseclass.java:108)
at com.nocommercedemo.Testcases.WishlistPageTest.setup(WishlistPageTest.java:23)
at java.base/java.util.ArrayList.forEach(ArrayList.java:1511)
... Removed 31 stack frames]]>
    </failure>
  </testcase> <!-- @BeforeMethod setup -->
  <testcase classname="com.nocommercedemo.Testcases.WishlistPageTest" name="@AfterMethod tearDown" time="-1.720711207405E9">
    <skipped/>
  </testcase> <!-- @AfterMethod tearDown -->
  <testcase classname="com.nocommercedemo.Testcases.WishlistPageTest" name="@BeforeMethod setup" time="-1.720711207415E9">
    <skipped/>
  </testcase> <!-- @BeforeMethod setup -->
  <testcase classname="com.nocommercedemo.Testcases.WishlistPageTest" name="@AfterMethod tearDown" time="-1.720711207422E9">
    <skipped/>
  </testcase> <!-- @AfterMethod tearDown -->
  <testcase classname="com.nocommercedemo.Testcases.OrderConfirmPageTest" name="@BeforeMethod setup" time="2.464">
    <failure type="java.lang.NullPointerException">
      <![CDATA[java.lang.NullPointerException
at java.base/java.util.Objects.requireNonNull(Objects.java:209)
at java.base/java.util.ImmutableCollections$Map1.<init>(ImmutableCollections.java:1105)
at java.base/java.util.Map.of(Map.java:1353)
at org.openqa.selenium.remote.DriverCommand.GET(DriverCommand.java:180)
at org.openqa.selenium.remote.RemoteWebDriver.get(RemoteWebDriver.java:300)
at com.nocommercedemo.Base.Baseclass.launchApp(Baseclass.java:108)
at com.nocommercedemo.Testcases.OrderConfirmPageTest.setup(OrderConfirmPageTest.java:34)
at java.base/java.util.ArrayList.forEach(ArrayList.java:1511)
... Removed 31 stack frames]]>
    </failure>
  </testcase> <!-- @BeforeMethod setup -->
  <testcase classname="com.nocommercedemo.Testcases.OrderConfirmPageTest" name="@AfterMethod tearDown" time="-1.720711209905E9">
    <skipped/>
  </testcase> <!-- @AfterMethod tearDown -->
  <testcase classname="com.nocommercedemo.Testcases.ShopingCartPageTest" name="@BeforeMethod setup" time="3.331">
    <failure type="java.lang.NullPointerException">
      <![CDATA[java.lang.NullPointerException
at java.base/java.util.Objects.requireNonNull(Objects.java:209)
at java.base/java.util.ImmutableCollections$Map1.<init>(ImmutableCollections.java:1105)
at java.base/java.util.Map.of(Map.java:1353)
at org.openqa.selenium.remote.DriverCommand.GET(DriverCommand.java:180)
at org.openqa.selenium.remote.RemoteWebDriver.get(RemoteWebDriver.java:300)
at com.nocommercedemo.Base.Baseclass.launchApp(Baseclass.java:108)
at com.nocommercedemo.Testcases.ShopingCartPageTest.setup(ShopingCartPageTest.java:24)
at java.base/java.util.ArrayList.forEach(ArrayList.java:1511)
... Removed 31 stack frames]]>
    </failure>
  </testcase> <!-- @BeforeMethod setup -->
  <testcase classname="com.nocommercedemo.Testcases.ShopingCartPageTest" name="@AfterMethod tearDown" time="-1.720711213264E9">
    <skipped/>
  </testcase> <!-- @AfterMethod tearDown -->
  <testcase classname="com.nocommercedemo.Testcases.ShopingCartPageTest" name="@BeforeMethod setup" time="-1.720711213266E9">
    <skipped/>
  </testcase> <!-- @BeforeMethod setup -->
  <testcase classname="com.nocommercedemo.Testcases.ShopingCartPageTest" name="@AfterMethod tearDown" time="-1.720711213271E9">
    <skipped/>
  </testcase> <!-- @AfterMethod tearDown -->
  <testcase classname="com.nocommercedemo.Testcases.CheckoutCardtypemethodpageTest" name="@BeforeMethod setup" time="2.418">
    <failure type="java.lang.NullPointerException">
      <![CDATA[java.lang.NullPointerException
at java.base/java.util.Objects.requireNonNull(Objects.java:209)
at java.base/java.util.ImmutableCollections$Map1.<init>(ImmutableCollections.java:1105)
at java.base/java.util.Map.of(Map.java:1353)
at org.openqa.selenium.remote.DriverCommand.GET(DriverCommand.java:180)
at org.openqa.selenium.remote.RemoteWebDriver.get(RemoteWebDriver.java:300)
at com.nocommercedemo.Base.Baseclass.launchApp(Baseclass.java:108)
at com.nocommercedemo.Testcases.CheckoutCardtypemethodpageTest.setup(CheckoutCardtypemethodpageTest.java:32)
at java.base/java.util.ArrayList.forEach(ArrayList.java:1511)
... Removed 31 stack frames]]>
    </failure>
  </testcase> <!-- @BeforeMethod setup -->
  <testcase classname="com.nocommercedemo.Testcases.CheckoutCardtypemethodpageTest" name="@AfterMethod tearDown" time="-1.720711215702E9">
    <skipped/>
  </testcase> <!-- @AfterMethod tearDown -->
  <testcase classname="com.nocommercedemo.Testcases.LoginPageTest" name="@BeforeMethod setup" time="2.227">
    <failure type="java.lang.NullPointerException">
      <![CDATA[java.lang.NullPointerException
at java.base/java.util.Objects.requireNonNull(Objects.java:209)
at java.base/java.util.ImmutableCollections$Map1.<init>(ImmutableCollections.java:1105)
at java.base/java.util.Map.of(Map.java:1353)
at org.openqa.selenium.remote.DriverCommand.GET(DriverCommand.java:180)
at org.openqa.selenium.remote.RemoteWebDriver.get(RemoteWebDriver.java:300)
at com.nocommercedemo.Base.Baseclass.launchApp(Baseclass.java:108)
at com.nocommercedemo.Testcases.LoginPageTest.setup(LoginPageTest.java:21)
at java.base/java.util.ArrayList.forEach(ArrayList.java:1511)
... Removed 31 stack frames]]>
    </failure>
  </testcase> <!-- @BeforeMethod setup -->
  <testcase classname="com.nocommercedemo.Testcases.LoginPageTest" name="@BeforeMethod setup" time="-1.720711217951E9">
    <skipped/>
  </testcase> <!-- @BeforeMethod setup -->
  <testcase classname="com.nocommercedemo.Testcases.MyAcoountPageTest" name="@BeforeMethod setup" time="2.398">
    <failure type="java.lang.NullPointerException">
      <![CDATA[java.lang.NullPointerException
at java.base/java.util.Objects.requireNonNull(Objects.java:209)
at java.base/java.util.ImmutableCollections$Map1.<init>(ImmutableCollections.java:1105)
at java.base/java.util.Map.of(Map.java:1353)
at org.openqa.selenium.remote.DriverCommand.GET(DriverCommand.java:180)
at org.openqa.selenium.remote.RemoteWebDriver.get(RemoteWebDriver.java:300)
at com.nocommercedemo.Base.Baseclass.launchApp(Baseclass.java:108)
at com.nocommercedemo.Testcases.MyAcoountPageTest.setup(MyAcoountPageTest.java:25)
at java.base/java.util.ArrayList.forEach(ArrayList.java:1511)
... Removed 31 stack frames]]>
    </failure>
  </testcase> <!-- @BeforeMethod setup -->
  <testcase classname="com.nocommercedemo.Testcases.MyAcoountPageTest" name="@AfterMethod tearDown" time="-1.720711220392E9">
    <skipped/>
  </testcase> <!-- @AfterMethod tearDown -->
  <testcase classname="com.nocommercedemo.Testcases.MyAcoountPageTest" name="@BeforeMethod setup" time="-1.720711221158E9">
    <skipped/>
  </testcase> <!-- @BeforeMethod setup -->
  <testcase classname="com.nocommercedemo.Testcases.MyAcoountPageTest" name="@AfterMethod tearDown" time="-1.720711221174E9">
    <skipped/>
  </testcase> <!-- @AfterMethod tearDown -->
  <testcase classname="com.nocommercedemo.Testcases.DeskTopPageTest" name="desktoppageTitle" time="0.0">
    <skipped/>
  </testcase> <!-- desktoppageTitle -->
  <testcase classname="com.nocommercedemo.Testcases.DeskTopPageTest" name="selectcputype" time="0.0">
    <skipped/>
  </testcase> <!-- selectcputype -->
  <testcase classname="com.nocommercedemo.Testcases.HomePageTest" name="homepagepageTitle" time="0.0">
    <skipped/>
  </testcase> <!-- homepagepageTitle -->
  <testcase classname="com.nocommercedemo.Testcases.HomePageTest" name="homepageallfunctions" time="0.0">
    <skipped/>
  </testcase> <!-- homepageallfunctions -->
  <testcase classname="com.nocommercedemo.Testcases.ProductInfoPageTest" name="addwishandcomparelist" time="0.0">
    <skipped/>
  </testcase> <!-- addwishandcomparelist -->
  <testcase classname="com.nocommercedemo.Testcases.RegisterPageTest" name="Registertitlepage" time="0.0">
    <skipped/>
  </testcase> <!-- Registertitlepage -->
  <testcase classname="com.nocommercedemo.Testcases.RegisterPageTest" name="createAccountTest" time="0.0">
    <skipped/>
  </testcase> <!-- createAccountTest -->
  <testcase classname="com.nocommercedemo.Testcases.RegisterPageTest" name="createAccountTest" time="0.0">
    <skipped/>
  </testcase> <!-- createAccountTest -->
  <testcase classname="com.nocommercedemo.Testcases.CheckoutBillingPageTest" name="verifybillingpage" time="0.0">
    <skipped/>
  </testcase> <!-- verifybillingpage -->
  <testcase classname="com.nocommercedemo.Testcases.CheckoutBillingPageTest" name="verifytitleofbillingpage" time="0.0">
    <skipped/>
  </testcase> <!-- verifytitleofbillingpage -->
  <testcase classname="com.nocommercedemo.Testcases.CheckoutPaymentmethodPageTest" name="verifypaymentmethodpage" time="0.0">
    <skipped/>
  </testcase> <!-- verifypaymentmethodpage -->
  <testcase classname="com.nocommercedemo.Testcases.ComputerPageTest" name="computerpageTitle" time="0.0">
    <skipped/>
  </testcase> <!-- computerpageTitle -->
  <testcase classname="com.nocommercedemo.Testcases.ComputerPageTest" name="computeritems" time="0.0">
    <skipped/>
  </testcase> <!-- computeritems -->
  <testcase classname="com.nocommercedemo.Testcases.CheckoutShippingMethodPageTest" name="verifyshippingmethodpage" time="0.0">
    <skipped/>
  </testcase> <!-- verifyshippingmethodpage -->
  <testcase classname="com.nocommercedemo.Testcases.WishlistPageTest" name="wishlisttable" time="0.0">
    <skipped/>
  </testcase> <!-- wishlisttable -->
  <testcase classname="com.nocommercedemo.Testcases.WishlistPageTest" name="wishlistpagepageTitle" time="0.0">
    <skipped/>
  </testcase> <!-- wishlistpagepageTitle -->
  <testcase classname="com.nocommercedemo.Testcases.OrderConfirmPageTest" name="verifyConfirmOdrerpage" time="0.0">
    <skipped/>
  </testcase> <!-- verifyConfirmOdrerpage -->
  <testcase classname="com.nocommercedemo.Testcases.ShopingCartPageTest" name="CartpageTitle" time="0.0">
    <skipped/>
  </testcase> <!-- CartpageTitle -->
  <testcase classname="com.nocommercedemo.Testcases.ShopingCartPageTest" name="verifyAddtocart" time="0.0">
    <skipped/>
  </testcase> <!-- verifyAddtocart -->
  <testcase classname="com.nocommercedemo.Testcases.CheckoutCardtypemethodpageTest" name="verifycardmethodmethodpage" time="0.0">
    <skipped/>
  </testcase> <!-- verifycardmethodmethodpage -->
  <testcase classname="com.nocommercedemo.Testcases.LoginPageTest" name="loginpage" time="0.0">
    <skipped/>
  </testcase> <!-- loginpage -->
  <testcase classname="com.nocommercedemo.Testcases.LoginPageTest" name="logintitlepage" time="0.0">
    <skipped/>
  </testcase> <!-- logintitlepage -->
  <testcase classname="com.nocommercedemo.Testcases.MyAcoountPageTest" name="myaccountpageTitle" time="0.0">
    <skipped/>
  </testcase> <!-- myaccountpageTitle -->
  <testcase classname="com.nocommercedemo.Testcases.MyAcoountPageTest" name="myaccount" time="0.0">
    <skipped/>
  </testcase> <!-- myaccount -->
  <testcase classname="com.nocommercedemo.Base.Baseclass" name="@BeforeSuite loadConfig" time="0.0">
    <ignored/>
  </testcase> <!-- @BeforeSuite loadConfig -->
  <testcase classname="com.nocommercedemo.Base.Baseclass" name="@BeforeSuite loadConfig" time="0.0">
    <ignored/>
  </testcase> <!-- @BeforeSuite loadConfig -->
  <testcase classname="com.nocommercedemo.Base.Baseclass" name="@BeforeSuite loadConfig" time="0.0">
    <ignored/>
  </testcase> <!-- @BeforeSuite loadConfig -->
  <testcase classname="com.nocommercedemo.Base.Baseclass" name="@BeforeSuite loadConfig" time="0.0">
    <ignored/>
  </testcase> <!-- @BeforeSuite loadConfig -->
  <testcase classname="com.nocommercedemo.Base.Baseclass" name="@BeforeSuite loadConfig" time="0.0">
    <ignored/>
  </testcase> <!-- @BeforeSuite loadConfig -->
  <testcase classname="com.nocommercedemo.Base.Baseclass" name="@BeforeSuite loadConfig" time="0.0">
    <ignored/>
  </testcase> <!-- @BeforeSuite loadConfig -->
  <testcase classname="com.nocommercedemo.Base.Baseclass" name="@BeforeSuite loadConfig" time="0.0">
    <ignored/>
  </testcase> <!-- @BeforeSuite loadConfig -->
  <testcase classname="com.nocommercedemo.Base.Baseclass" name="@BeforeSuite loadConfig" time="0.0">
    <ignored/>
  </testcase> <!-- @BeforeSuite loadConfig -->
  <testcase classname="com.nocommercedemo.Base.Baseclass" name="@BeforeSuite loadConfig" time="0.0">
    <ignored/>
  </testcase> <!-- @BeforeSuite loadConfig -->
  <testcase classname="com.nocommercedemo.Base.Baseclass" name="@BeforeSuite loadConfig" time="0.0">
    <ignored/>
  </testcase> <!-- @BeforeSuite loadConfig -->
  <testcase classname="com.nocommercedemo.Base.Baseclass" name="@BeforeSuite loadConfig" time="0.0">
    <ignored/>
  </testcase> <!-- @BeforeSuite loadConfig -->
  <testcase classname="com.nocommercedemo.Base.Baseclass" name="@BeforeSuite loadConfig" time="0.0">
    <ignored/>
  </testcase> <!-- @BeforeSuite loadConfig -->
  <testcase classname="com.nocommercedemo.Base.Baseclass" name="@BeforeSuite loadConfig" time="0.0">
    <ignored/>
  </testcase> <!-- @BeforeSuite loadConfig -->
  <testcase classname="com.nocommercedemo.Base.Baseclass" name="@AfterSuite afterSuite" time="0.0">
    <ignored/>
  </testcase> <!-- @AfterSuite afterSuite -->
  <testcase classname="com.nocommercedemo.Base.Baseclass" name="@AfterSuite afterSuite" time="0.0">
    <ignored/>
  </testcase> <!-- @AfterSuite afterSuite -->
  <testcase classname="com.nocommercedemo.Base.Baseclass" name="@AfterSuite afterSuite" time="0.0">
    <ignored/>
  </testcase> <!-- @AfterSuite afterSuite -->
  <testcase classname="com.nocommercedemo.Base.Baseclass" name="@AfterSuite afterSuite" time="0.0">
    <ignored/>
  </testcase> <!-- @AfterSuite afterSuite -->
  <testcase classname="com.nocommercedemo.Base.Baseclass" name="@AfterSuite afterSuite" time="0.0">
    <ignored/>
  </testcase> <!-- @AfterSuite afterSuite -->
  <testcase classname="com.nocommercedemo.Base.Baseclass" name="@AfterSuite afterSuite" time="0.0">
    <ignored/>
  </testcase> <!-- @AfterSuite afterSuite -->
  <testcase classname="com.nocommercedemo.Base.Baseclass" name="@AfterSuite afterSuite" time="0.0">
    <ignored/>
  </testcase> <!-- @AfterSuite afterSuite -->
  <testcase classname="com.nocommercedemo.Base.Baseclass" name="@AfterSuite afterSuite" time="0.0">
    <ignored/>
  </testcase> <!-- @AfterSuite afterSuite -->
  <testcase classname="com.nocommercedemo.Base.Baseclass" name="@AfterSuite afterSuite" time="0.0">
    <ignored/>
  </testcase> <!-- @AfterSuite afterSuite -->
  <testcase classname="com.nocommercedemo.Base.Baseclass" name="@AfterSuite afterSuite" time="0.0">
    <ignored/>
  </testcase> <!-- @AfterSuite afterSuite -->
  <testcase classname="com.nocommercedemo.Base.Baseclass" name="@AfterSuite afterSuite" time="0.0">
    <ignored/>
  </testcase> <!-- @AfterSuite afterSuite -->
  <testcase classname="com.nocommercedemo.Base.Baseclass" name="@AfterSuite afterSuite" time="0.0">
    <ignored/>
  </testcase> <!-- @AfterSuite afterSuite -->
  <testcase classname="com.nocommercedemo.Base.Baseclass" name="@AfterSuite afterSuite" time="0.0">
    <ignored/>
  </testcase> <!-- @AfterSuite afterSuite -->
</testsuite> <!-- Test -->
